Determining if the pthread_create exist failed with the following output:
Change Dir: /home/wp/waveglider_new/build/CMakeFiles/CMakeTmp

Run Build Command:"/usr/bin/make" "cmTC_407bd/fast"
/usr/bin/make -f CMakeFiles/cmTC_407bd.dir/build.make CMakeFiles/cmTC_407bd.dir/build
make[1]: 进入目录“/home/wp/waveglider_new/build/CMakeFiles/CMakeTmp”
Building C object CMakeFiles/cmTC_407bd.dir/CheckSymbolExists.c.o
/usr/bin/cc    -o CMakeFiles/cmTC_407bd.dir/CheckSymbolExists.c.o   -c /home/wp/waveglider_new/build/CMakeFiles/CMakeTmp/CheckSymbolExists.c
Linking C executable cmTC_407bd
/usr/bin/cmake -E cmake_link_script CMakeFiles/cmTC_407bd.dir/link.txt --verbose=1
/usr/bin/cc      -rdynamic CMakeFiles/cmTC_407bd.dir/CheckSymbolExists.c.o  -o cmTC_407bd 
CMakeFiles/cmTC_407bd.dir/CheckSymbolExists.c.o：在函数‘main’中：
CheckSymbolExists.c:(.text+0x1b)：对‘pthread_create’未定义的引用
collect2: error: ld returned 1 exit status
CMakeFiles/cmTC_407bd.dir/build.make:97: recipe for target 'cmTC_407bd' failed
make[1]: *** [cmTC_407bd] Error 1
make[1]: 离开目录“/home/wp/waveglider_new/build/CMakeFiles/CMakeTmp”
Makefile:126: recipe for target 'cmTC_407bd/fast' failed
make: *** [cmTC_407bd/fast] Error 2

File /home/wp/waveglider_new/build/CMakeFiles/CMakeTmp/CheckSymbolExists.c:
/* */
#include <pthread.h>

int main(int argc, char** argv)
{
  (void)argv;
#ifndef pthread_create
  return ((int*)(&pthread_create))[argc];
#else
  (void)argc;
  return 0;
#endif
}

Determining if the function pthread_create exists in the pthreads failed with the following output:
Change Dir: /home/wp/waveglider_new/build/CMakeFiles/CMakeTmp

Run Build Command:"/usr/bin/make" "cmTC_1a2f3/fast"
/usr/bin/make -f CMakeFiles/cmTC_1a2f3.dir/build.make CMakeFiles/cmTC_1a2f3.dir/build
make[1]: 进入目录“/home/wp/waveglider_new/build/CMakeFiles/CMakeTmp”
Building C object CMakeFiles/cmTC_1a2f3.dir/CheckFunctionExists.c.o
/usr/bin/cc   -DCHECK_FUNCTION_EXISTS=pthread_create   -o CMakeFiles/cmTC_1a2f3.dir/CheckFunctionExists.c.o   -c /usr/share/cmake-3.10/Modules/CheckFunctionExists.c
Linking C executable cmTC_1a2f3
/usr/bin/cmake -E cmake_link_script CMakeFiles/cmTC_1a2f3.dir/link.txt --verbose=1
/usr/bin/cc  -DCHECK_FUNCTION_EXISTS=pthread_create    -rdynamic CMakeFiles/cmTC_1a2f3.dir/CheckFunctionExists.c.o  -o cmTC_1a2f3 -lpthreads 
/usr/bin/ld: 找不到 -lpthreads
collect2: error: ld returned 1 exit status
CMakeFiles/cmTC_1a2f3.dir/build.make:97: recipe for target 'cmTC_1a2f3' failed
make[1]: *** [cmTC_1a2f3] Error 1
make[1]: 离开目录“/home/wp/waveglider_new/build/CMakeFiles/CMakeTmp”
Makefile:126: recipe for target 'cmTC_1a2f3/fast' failed
make: *** [cmTC_1a2f3/fast] Error 2


